2023-12-19 13:12:766 INFO  LoginPage :25 - Enter UserName [[ChromeDriver: chrome on windows (669f48439ccdbdfb2c01aba3b7278de3)] -> css selector: input[placeholder='Username']]
2023-12-19 13:12:263 INFO  LoginPage :30 - Enter password [[ChromeDriver: chrome on windows (669f48439ccdbdfb2c01aba3b7278de3)] -> css selector: input[placeholder='Password']]
2023-12-19 13:12:763 INFO  LoginPage :35 - click on login[[ChromeDriver: chrome on windows (669f48439ccdbdfb2c01aba3b7278de3)] -> xpath: //button[@type='submit']]
2023-12-19 13:12:955 INFO  AdminPage :27 - click on Admin[[ChromeDriver: chrome on windows (669f48439ccdbdfb2c01aba3b7278de3)] -> xpath: /html[1]/body[1]/div[1]/div[1]/div[1]/aside[1]/nav[1]/div[2]/ul[1]/li[1]/a[1]]
2023-12-19 13:12:43 INFO  AdminPage :36 - click on add button[[ChromeDriver: chrome on windows (669f48439ccdbdfb2c01aba3b7278de3)] -> css selector: button[class='oxd-button oxd-button--medium oxd-button--secondary']]
2023-12-19 13:12:220 INFO  AddUserPage :69 - StatusProxy element for: DefaultElementLocator 'By.xpath: //div[@class='oxd-select-text-input'][normalize-space()='Enabled']'
2023-12-19 13:12:31 INFO  LoginPage :25 - Enter UserName [[ChromeDriver: chrome on windows (409b90d17cb77fbd0b6da50aaac2a885)] -> css selector: input[placeholder='Username']]
2023-12-19 13:12:200 INFO  LoginPage :30 - Enter password [[ChromeDriver: chrome on windows (409b90d17cb77fbd0b6da50aaac2a885)] -> css selector: input[placeholder='Password']]
2023-12-19 13:12:364 INFO  LoginPage :35 - click on login[[ChromeDriver: chrome on windows (409b90d17cb77fbd0b6da50aaac2a885)] -> xpath: //button[@type='submit']]
2023-12-19 13:12:892 INFO  AdminPage :27 - click on Admin[[ChromeDriver: chrome on windows (409b90d17cb77fbd0b6da50aaac2a885)] -> xpath: /html[1]/body[1]/div[1]/div[1]/div[1]/aside[1]/nav[1]/div[2]/ul[1]/li[1]/a[1]]
2023-12-19 13:12:264 INFO  AdminPage :36 - click on add button[[ChromeDriver: chrome on windows (409b90d17cb77fbd0b6da50aaac2a885)] -> css selector: button[class='oxd-button oxd-button--medium oxd-button--secondary']]
2023-12-19 13:12:273 INFO  AddUserPage :69 - StatusProxy element for: DefaultElementLocator 'By.xpath: //div[@class='oxd-select-text-input'][normalize-space()='Enabled']'
2023-12-19 13:12:57 INFO  LoginPage :25 - Enter UserName [[ChromeDriver: chrome on windows (d36e184a1351eef99811f2cdeaa3544c)] -> css selector: input[placeholder='Username']]
2023-12-19 13:12:416 INFO  LoginPage :30 - Enter password [[ChromeDriver: chrome on windows (d36e184a1351eef99811f2cdeaa3544c)] -> css selector: input[placeholder='Password']]
2023-12-19 13:12:121 INFO  LoginPage :35 - click on login[[ChromeDriver: chrome on windows (d36e184a1351eef99811f2cdeaa3544c)] -> xpath: //button[@type='submit']]
2023-12-19 13:12:619 INFO  AdminPage :27 - click on Admin[[ChromeDriver: chrome on windows (d36e184a1351eef99811f2cdeaa3544c)] -> xpath: /html[1]/body[1]/div[1]/div[1]/div[1]/aside[1]/nav[1]/div[2]/ul[1]/li[1]/a[1]]
2023-12-19 13:12:518 INFO  LoginPage :25 - Enter UserName [[ChromeDriver: chrome on windows (9ed898649f340fe06e75571b2c7e3dcf)] -> css selector: input[placeholder='Username']]
2023-12-19 13:12:769 INFO  LoginPage :30 - Enter password [[ChromeDriver: chrome on windows (9ed898649f340fe06e75571b2c7e3dcf)] -> css selector: input[placeholder='Password']]
2023-12-19 13:12:908 INFO  LoginPage :35 - click on login[[ChromeDriver: chrome on windows (9ed898649f340fe06e75571b2c7e3dcf)] -> xpath: //button[@type='submit']]
2023-12-19 13:12:507 INFO  AdminPage :27 - click on Admin[[ChromeDriver: chrome on windows (9ed898649f340fe06e75571b2c7e3dcf)] -> xpath: /html[1]/body[1]/div[1]/div[1]/div[1]/aside[1]/nav[1]/div[2]/ul[1]/li[1]/a[1]]
2023-12-19 13:12:648 INFO  LoginPage :25 - Enter UserName [[ChromeDriver: chrome on windows (c20cf0615d88ccb5d1c1de61adfe1c05)] -> css selector: input[placeholder='Username']]
2023-12-19 13:12:922 INFO  LoginPage :30 - Enter password [[ChromeDriver: chrome on windows (c20cf0615d88ccb5d1c1de61adfe1c05)] -> css selector: input[placeholder='Password']]
2023-12-19 13:12:98 INFO  LoginPage :35 - click on login[[ChromeDriver: chrome on windows (c20cf0615d88ccb5d1c1de61adfe1c05)] -> xpath: //button[@type='submit']]
2023-12-19 13:12:869 INFO  AdminPage :27 - click on Admin[[ChromeDriver: chrome on windows (c20cf0615d88ccb5d1c1de61adfe1c05)] -> xpath: /html[1]/body[1]/div[1]/div[1]/div[1]/aside[1]/nav[1]/div[2]/ul[1]/li[1]/a[1]]
2023-12-19 13:12:661 INFO  LoginPage :25 - Enter UserName [[ChromeDriver: chrome on windows (7cf60b38b126c3a80e31a3b9cfb5017d)] -> css selector: input[placeholder='Username']]
2023-12-19 13:12:864 INFO  LoginPage :30 - Enter password [[ChromeDriver: chrome on windows (7cf60b38b126c3a80e31a3b9cfb5017d)] -> css selector: input[placeholder='Password']]
2023-12-19 13:12:386 INFO  LoginPage :35 - click on login[[ChromeDriver: chrome on windows (7cf60b38b126c3a80e31a3b9cfb5017d)] -> xpath: //button[@type='submit']]
2023-12-19 13:12:898 INFO  AdminPage :27 - click on Admin[[ChromeDriver: chrome on windows (7cf60b38b126c3a80e31a3b9cfb5017d)] -> xpath: /html[1]/body[1]/div[1]/div[1]/div[1]/aside[1]/nav[1]/div[2]/ul[1]/li[1]/a[1]]
2023-12-19 13:12:442 INFO  LoginPage :25 - Enter UserName [[ChromeDriver: chrome on windows (3a2d6a430ab211b4673a6e8882589ac4)] -> css selector: input[placeholder='Username']]
2023-12-19 13:12:594 INFO  LoginPage :30 - Enter password [[ChromeDriver: chrome on windows (3a2d6a430ab211b4673a6e8882589ac4)] -> css selector: input[placeholder='Password']]
2023-12-19 13:12:891 INFO  LoginPage :35 - click on login[[ChromeDriver: chrome on windows (3a2d6a430ab211b4673a6e8882589ac4)] -> xpath: //button[@type='submit']]
2023-12-19 13:12:507 INFO  AdminPage :27 - click on Admin[[ChromeDriver: chrome on windows (3a2d6a430ab211b4673a6e8882589ac4)] -> xpath: /html[1]/body[1]/div[1]/div[1]/div[1]/aside[1]/nav[1]/div[2]/ul[1]/li[1]/a[1]]
2023-12-19 13:12:285 INFO  LoginPage :25 - Enter UserName [[ChromeDriver: chrome on windows (f7c596fc9eb71e4533d86cbcaa27ac39)] -> css selector: input[placeholder='Username']]
2023-12-19 13:12:446 INFO  LoginPage :30 - Enter password [[ChromeDriver: chrome on windows (f7c596fc9eb71e4533d86cbcaa27ac39)] -> css selector: input[placeholder='Password']]
2023-12-19 13:12:584 INFO  LoginPage :35 - click on login[[ChromeDriver: chrome on windows (f7c596fc9eb71e4533d86cbcaa27ac39)] -> xpath: //button[@type='submit']]
2023-12-19 13:12:490 INFO  AdminPage :27 - click on Admin[[ChromeDriver: chrome on windows (f7c596fc9eb71e4533d86cbcaa27ac39)] -> xpath: /html[1]/body[1]/div[1]/div[1]/div[1]/aside[1]/nav[1]/div[2]/ul[1]/li[1]/a[1]]
2023-12-19 13:12:191 INFO  LoginPage :25 - Enter UserName [[ChromeDriver: chrome on windows (7913a8385503efcef1a08b45b37bd7f4)] -> css selector: input[placeholder='Username']]
2023-12-19 13:12:513 INFO  LoginPage :30 - Enter password [[ChromeDriver: chrome on windows (7913a8385503efcef1a08b45b37bd7f4)] -> css selector: input[placeholder='Password']]
2023-12-19 13:12:693 INFO  LoginPage :35 - click on login[[ChromeDriver: chrome on windows (7913a8385503efcef1a08b45b37bd7f4)] -> xpath: //button[@type='submit']]
2023-12-19 13:12:209 INFO  AdminPage :27 - click on Admin[[ChromeDriver: chrome on windows (7913a8385503efcef1a08b45b37bd7f4)] -> xpath: /html[1]/body[1]/div[1]/div[1]/div[1]/aside[1]/nav[1]/div[2]/ul[1]/li[1]/a[1]]
2023-12-19 13:12:537 INFO  AdminPage :36 - click on add button[[ChromeDriver: chrome on windows (7913a8385503efcef1a08b45b37bd7f4)] -> css selector: button[class='oxd-button oxd-button--medium oxd-button--secondary']]
2023-12-19 13:12:75 INFO  AddUserPage :69 - StatusProxy element for: DefaultElementLocator 'By.xpath: //div[@class='oxd-select-text-input'][normalize-space()='Enabled']'
2023-12-19 13:12:851 INFO  LoginPage :25 - Enter UserName [[ChromeDriver: chrome on windows (535929b40a90a501c2761c7e3cd1b9e7)] -> css selector: input[placeholder='Username']]
2023-12-19 13:12:184 INFO  LoginPage :30 - Enter password [[ChromeDriver: chrome on windows (535929b40a90a501c2761c7e3cd1b9e7)] -> css selector: input[placeholder='Password']]
2023-12-19 13:12:640 INFO  LoginPage :35 - click on login[[ChromeDriver: chrome on windows (535929b40a90a501c2761c7e3cd1b9e7)] -> xpath: //button[@type='submit']]
2023-12-19 13:12:445 INFO  AdminPage :27 - click on Admin[[ChromeDriver: chrome on windows (535929b40a90a501c2761c7e3cd1b9e7)] -> xpath: /html[1]/body[1]/div[1]/div[1]/div[1]/aside[1]/nav[1]/div[2]/ul[1]/li[1]/a[1]]
2023-12-19 13:12:790 INFO  LoginPage :25 - Enter UserName [[ChromeDriver: chrome on windows (5a8bd0273503853808455e2faf6cb000)] -> css selector: input[placeholder='Username']]
2023-12-19 13:12:986 INFO  LoginPage :30 - Enter password [[ChromeDriver: chrome on windows (5a8bd0273503853808455e2faf6cb000)] -> css selector: input[placeholder='Password']]
2023-12-19 13:12:108 INFO  LoginPage :35 - click on login[[ChromeDriver: chrome on windows (5a8bd0273503853808455e2faf6cb000)] -> xpath: //button[@type='submit']]
2023-12-19 13:12:192 INFO  AdminPage :27 - click on Admin[[ChromeDriver: chrome on windows (5a8bd0273503853808455e2faf6cb000)] -> xpath: /html[1]/body[1]/div[1]/div[1]/div[1]/aside[1]/nav[1]/div[2]/ul[1]/li[1]/a[1]]
2023-12-19 13:12:375 INFO  LoginPage :25 - Enter UserName [[ChromeDriver: chrome on windows (27ae547bd19c7aae9cb09674e566fcf9)] -> css selector: input[placeholder='Username']]
2023-12-19 13:12:573 INFO  LoginPage :30 - Enter password [[ChromeDriver: chrome on windows (27ae547bd19c7aae9cb09674e566fcf9)] -> css selector: input[placeholder='Password']]
2023-12-19 13:12:672 INFO  LoginPage :35 - click on login[[ChromeDriver: chrome on windows (27ae547bd19c7aae9cb09674e566fcf9)] -> xpath: //button[@type='submit']]
2023-12-19 13:12:512 INFO  AdminPage :27 - click on Admin[[ChromeDriver: chrome on windows (27ae547bd19c7aae9cb09674e566fcf9)] -> xpath: /html[1]/body[1]/div[1]/div[1]/div[1]/aside[1]/nav[1]/div[2]/ul[1]/li[1]/a[1]]
2023-12-19 13:12:473 INFO  LoginPage :25 - Enter UserName [[ChromeDriver: chrome on windows (597d9c1b1363d1681930650b56fc9ea2)] -> css selector: input[placeholder='Username']]
2023-12-19 13:12:741 INFO  LoginPage :30 - Enter password [[ChromeDriver: chrome on windows (597d9c1b1363d1681930650b56fc9ea2)] -> css selector: input[placeholder='Password']]
2023-12-19 13:12:21 INFO  LoginPage :35 - click on login[[ChromeDriver: chrome on windows (597d9c1b1363d1681930650b56fc9ea2)] -> xpath: //button[@type='submit']]
2023-12-19 13:12:464 INFO  AdminPage :27 - click on Admin[[ChromeDriver: chrome on windows (597d9c1b1363d1681930650b56fc9ea2)] -> xpath: /html[1]/body[1]/div[1]/div[1]/div[1]/aside[1]/nav[1]/div[2]/ul[1]/li[1]/a[1]]
2023-12-19 13:12:863 INFO  LoginPage :25 - Enter UserName [[ChromeDriver: chrome on windows (a74e26d828113e14ef473d7f93c957f4)] -> css selector: input[placeholder='Username']]
2023-12-19 13:12:115 INFO  LoginPage :30 - Enter password [[ChromeDriver: chrome on windows (a74e26d828113e14ef473d7f93c957f4)] -> css selector: input[placeholder='Password']]
2023-12-19 13:12:666 INFO  LoginPage :35 - click on login[[ChromeDriver: chrome on windows (a74e26d828113e14ef473d7f93c957f4)] -> xpath: //button[@type='submit']]
2023-12-19 13:12:547 INFO  AdminPage :27 - click on Admin[[ChromeDriver: chrome on windows (a74e26d828113e14ef473d7f93c957f4)] -> xpath: /html[1]/body[1]/div[1]/div[1]/div[1]/aside[1]/nav[1]/div[2]/ul[1]/li[1]/a[1]]
2023-12-19 13:12:705 INFO  LoginPage :25 - Enter UserName [[ChromeDriver: chrome on windows (6004b80f1db8f1bc23cc542ca068f3dd)] -> css selector: input[placeholder='Username']]
2023-12-19 13:12:857 INFO  LoginPage :30 - Enter password [[ChromeDriver: chrome on windows (6004b80f1db8f1bc23cc542ca068f3dd)] -> css selector: input[placeholder='Password']]
2023-12-19 13:12:258 INFO  LoginPage :35 - click on login[[ChromeDriver: chrome on windows (6004b80f1db8f1bc23cc542ca068f3dd)] -> xpath: //button[@type='submit']]
2023-12-19 13:12:789 INFO  AdminPage :27 - click on Admin[[ChromeDriver: chrome on windows (6004b80f1db8f1bc23cc542ca068f3dd)] -> xpath: /html[1]/body[1]/div[1]/div[1]/div[1]/aside[1]/nav[1]/div[2]/ul[1]/li[1]/a[1]]
2023-12-19 16:12:577 INFO  LoginPage :25 - Enter UserName [[ChromeDriver: chrome on windows (c97f4970a97d8fc2c29f0e4084029b61)] -> css selector: input[placeholder='Username']]
2023-12-19 16:12:28 INFO  LoginPage :30 - Enter password [[ChromeDriver: chrome on windows (c97f4970a97d8fc2c29f0e4084029b61)] -> css selector: input[placeholder='Password']]
2023-12-19 16:12:252 INFO  LoginPage :35 - click on login[[ChromeDriver: chrome on windows (c97f4970a97d8fc2c29f0e4084029b61)] -> xpath: //button[@type='submit']]
2023-12-19 16:12:41 INFO  AdminPage :27 - click on Admin[[ChromeDriver: chrome on windows (c97f4970a97d8fc2c29f0e4084029b61)] -> xpath: /html[1]/body[1]/div[1]/div[1]/div[1]/aside[1]/nav[1]/div[2]/ul[1]/li[1]/a[1]]
2023-12-19 16:12:77 INFO  AdminPage :36 - click on add button[[ChromeDriver: chrome on windows (c97f4970a97d8fc2c29f0e4084029b61)] -> css selector: button[class='oxd-button oxd-button--medium oxd-button--secondary']]
2023-12-19 16:12:793 INFO  AddUserPage :69 - StatusProxy element for: DefaultElementLocator 'By.xpath: //div[@class='oxd-select-text-input'][normalize-space()='Enabled']'
2023-12-19 16:12:844 INFO  LoginPage :25 - Enter UserName [[ChromeDriver: chrome on windows (860c47e2d7158ee6d1d368ffb3d799e2)] -> css selector: input[placeholder='Username']]
2023-12-19 16:12:189 INFO  LoginPage :30 - Enter password [[ChromeDriver: chrome on windows (860c47e2d7158ee6d1d368ffb3d799e2)] -> css selector: input[placeholder='Password']]
2023-12-19 16:12:475 INFO  LoginPage :35 - click on login[[ChromeDriver: chrome on windows (860c47e2d7158ee6d1d368ffb3d799e2)] -> xpath: //button[@type='submit']]
2023-12-19 16:12:196 INFO  AdminPage :27 - click on Admin[[ChromeDriver: chrome on windows (860c47e2d7158ee6d1d368ffb3d799e2)] -> xpath: /html[1]/body[1]/div[1]/div[1]/div[1]/aside[1]/nav[1]/div[2]/ul[1]/li[1]/a[1]]
2023-12-19 16:12:765 INFO  LoginPage :25 - Enter UserName [[ChromeDriver: chrome on windows (0a80b5d1635a4c806de91aee8fa58700)] -> css selector: input[placeholder='Username']]
2023-12-19 16:12:50 INFO  LoginPage :30 - Enter password [[ChromeDriver: chrome on windows (0a80b5d1635a4c806de91aee8fa58700)] -> css selector: input[placeholder='Password']]
2023-12-19 16:12:496 INFO  LoginPage :35 - click on login[[ChromeDriver: chrome on windows (0a80b5d1635a4c806de91aee8fa58700)] -> xpath: //button[@type='submit']]
2023-12-19 16:12:84 INFO  AdminPage :27 - click on Admin[[ChromeDriver: chrome on windows (0a80b5d1635a4c806de91aee8fa58700)] -> xpath: /html[1]/body[1]/div[1]/div[1]/div[1]/aside[1]/nav[1]/div[2]/ul[1]/li[1]/a[1]]
2023-12-19 16:12:575 INFO  LoginPage :25 - Enter UserName [[ChromeDriver: chrome on windows (72f89d9f2a31de8363322a11bc0201b3)] -> css selector: input[placeholder='Username']]
2023-12-19 16:12:722 INFO  LoginPage :30 - Enter password [[ChromeDriver: chrome on windows (72f89d9f2a31de8363322a11bc0201b3)] -> css selector: input[placeholder='Password']]
2023-12-19 16:12:810 INFO  LoginPage :35 - click on login[[ChromeDriver: chrome on windows (72f89d9f2a31de8363322a11bc0201b3)] -> xpath: //button[@type='submit']]
2023-12-19 16:12:894 INFO  AdminPage :27 - click on Admin[[ChromeDriver: chrome on windows (72f89d9f2a31de8363322a11bc0201b3)] -> xpath: /html[1]/body[1]/div[1]/div[1]/div[1]/aside[1]/nav[1]/div[2]/ul[1]/li[1]/a[1]]
2023-12-19 16:12:870 INFO  LoginPage :25 - Enter UserName [[ChromeDriver: chrome on windows (934eaf35c7f65e1e38a5eb7f8e6cbf66)] -> css selector: input[placeholder='Username']]
2023-12-19 16:12:251 INFO  LoginPage :30 - Enter password [[ChromeDriver: chrome on windows (934eaf35c7f65e1e38a5eb7f8e6cbf66)] -> css selector: input[placeholder='Password']]
2023-12-19 16:12:53 INFO  LoginPage :35 - click on login[[ChromeDriver: chrome on windows (934eaf35c7f65e1e38a5eb7f8e6cbf66)] -> xpath: //button[@type='submit']]
2023-12-19 16:12:805 INFO  AdminPage :27 - click on Admin[[ChromeDriver: chrome on windows (934eaf35c7f65e1e38a5eb7f8e6cbf66)] -> xpath: /html[1]/body[1]/div[1]/div[1]/div[1]/aside[1]/nav[1]/div[2]/ul[1]/li[1]/a[1]]
2023-12-19 16:12:05 INFO  LoginPage :25 - Enter UserName [[ChromeDriver: chrome on windows (d4851cc375d0a73e75257b74b3224cda)] -> css selector: input[placeholder='Username']]
2023-12-19 16:12:450 INFO  LoginPage :30 - Enter password [[ChromeDriver: chrome on windows (d4851cc375d0a73e75257b74b3224cda)] -> css selector: input[placeholder='Password']]
2023-12-19 16:12:624 INFO  LoginPage :35 - click on login[[ChromeDriver: chrome on windows (d4851cc375d0a73e75257b74b3224cda)] -> xpath: //button[@type='submit']]
2023-12-19 16:12:546 INFO  AdminPage :27 - click on Admin[[ChromeDriver: chrome on windows (d4851cc375d0a73e75257b74b3224cda)] -> xpath: /html[1]/body[1]/div[1]/div[1]/div[1]/aside[1]/nav[1]/div[2]/ul[1]/li[1]/a[1]]
2023-12-19 16:12:365 INFO  LoginPage :25 - Enter UserName [[ChromeDriver: chrome on windows (6069081a3b9ca13e528bc0cab85a1841)] -> css selector: input[placeholder='Username']]
2023-12-19 16:12:510 INFO  LoginPage :30 - Enter password [[ChromeDriver: chrome on windows (6069081a3b9ca13e528bc0cab85a1841)] -> css selector: input[placeholder='Password']]
2023-12-19 16:12:630 INFO  LoginPage :35 - click on login[[ChromeDriver: chrome on windows (6069081a3b9ca13e528bc0cab85a1841)] -> xpath: //button[@type='submit']]
2023-12-19 16:12:12 INFO  AdminPage :27 - click on Admin[[ChromeDriver: chrome on windows (6069081a3b9ca13e528bc0cab85a1841)] -> xpath: /html[1]/body[1]/div[1]/div[1]/div[1]/aside[1]/nav[1]/div[2]/ul[1]/li[1]/a[1]]
